mode: set
github.com/davesavic/clink/client.go:21.40,24.27 2 1
github.com/davesavic/clink/client.go:24.27,26.3 1 1
github.com/davesavic/clink/client.go:28.2,28.10 1 1
github.com/davesavic/clink/client.go:31.30,36.2 1 1
github.com/davesavic/clink/client.go:38.64,39.36 1 1
github.com/davesavic/clink/client.go:39.36,41.3 1 1
github.com/davesavic/clink/client.go:43.2,43.26 1 1
github.com/davesavic/clink/client.go:43.26,44.59 1 1
github.com/davesavic/clink/client.go:44.59,46.4 1 0
github.com/davesavic/clink/client.go:49.2,52.55 3 1
github.com/davesavic/clink/client.go:52.55,55.69 2 1
github.com/davesavic/clink/client.go:55.69,56.9 1 1
github.com/davesavic/clink/client.go:59.3,59.29 1 1
github.com/davesavic/clink/client.go:59.29,62.4 1 1
github.com/davesavic/clink/client.go:65.2,65.16 1 1
github.com/davesavic/clink/client.go:65.16,67.3 1 0
github.com/davesavic/clink/client.go:69.2,69.18 1 1
github.com/davesavic/clink/client.go:75.45,76.25 1 1
github.com/davesavic/clink/client.go:76.25,78.3 1 1
github.com/davesavic/clink/client.go:82.43,83.25 1 1
github.com/davesavic/clink/client.go:83.25,85.3 1 1
github.com/davesavic/clink/client.go:89.52,90.25 1 1
github.com/davesavic/clink/client.go:90.25,91.35 1 1
github.com/davesavic/clink/client.go:91.35,93.4 1 1
github.com/davesavic/clink/client.go:98.36,99.25 1 1
github.com/davesavic/clink/client.go:99.25,102.3 2 1
github.com/davesavic/clink/client.go:106.54,107.25 1 1
github.com/davesavic/clink/client.go:107.25,111.3 3 1
github.com/davesavic/clink/client.go:115.42,116.25 1 1
github.com/davesavic/clink/client.go:116.25,118.3 1 1
github.com/davesavic/clink/client.go:122.38,123.25 1 1
github.com/davesavic/clink/client.go:123.25,125.3 1 1
github.com/davesavic/clink/client.go:129.95,130.25 1 1
github.com/davesavic/clink/client.go:130.25,133.3 2 1
github.com/davesavic/clink/client.go:137.70,138.21 1 1
github.com/davesavic/clink/client.go:138.21,140.3 1 1
github.com/davesavic/clink/client.go:142.2,142.26 1 1
github.com/davesavic/clink/client.go:142.26,144.3 1 1
github.com/davesavic/clink/client.go:146.2,146.33 1 1
github.com/davesavic/clink/client.go:146.33,148.3 1 1
github.com/davesavic/clink/client.go:150.2,150.70 1 1
github.com/davesavic/clink/client.go:150.70,152.3 1 1
github.com/davesavic/clink/client.go:154.2,154.12 1 1
